0 info it worked if it ends with ok
1 verbose cli [ 'C:\\Program Files\\nodejs\\node.exe',
1 verbose cli   'C:\\Program Files\\nodejs\\node_modules\\npm\\bin\\npm-cli.js',
1 verbose cli   'run',
1 verbose cli   'test' ]
2 info using npm@3.3.12
3 info using node@v5.4.0
4 verbose run-script [ 'pretest', 'test', 'posttest' ]
5 info lifecycle mochatest@1.0.0~pretest: mochatest@1.0.0
6 silly lifecycle mochatest@1.0.0~pretest: no script for pretest, continuing
7 info lifecycle mochatest@1.0.0~test: mochatest@1.0.0
8 verbose lifecycle mochatest@1.0.0~test: unsafe-perm in lifecycle true
9 verbose lifecycle mochatest@1.0.0~test: PATH: C:\Users\Harsh\AppData\Roaming\nvm\v5.4.0\node_modules\npm\bin\node-gyp-bin;C:\Users\Harsh\test\mochatest\node_modules\.bin;C:\Program Files (x86)\Intel\iCLS Client\;C:\Program Files\Intel\iCLS Client\;C:\windows\system32;C:\windows;C:\windows\System32\Wbem;C:\windows\System32\WindowsPowerShell\v1.0\;C:\Program Files (x86)\Intel\Intel(R) Management Engine Components\DAL;C:\Program Files\Intel\Intel(R) Management Engine Components\DAL;C:\Program Files (x86)\Intel\Intel(R) Management Engine Components\IPT;C:\Program Files\Intel\Intel(R) Management Engine Components\IPT;C:\Program Files (x86)\NVIDIA Corporation\PhysX\Common;C:\WINDOWS\system32;C:\WINDOWS;C:\WINDOWS\System32\Wbem;C:\WINDOWS\System32\WindowsPowerShell\v1.0\;C:\Program Files (x86)\Skype\Phone\;C:\Program Files\Git\cmd;C:\Program Files (x86)\Windows Kits\8.1\Windows Performance Toolkit\;C:\Users\Harsh\AppData\Roaming\nvm;C:\Program Files\nodejs;C:\Program Files\Intel\WiFi\bin\;C:\Program Files\Common Files\Intel\WirelessCommon\;C:\Ruby24-x64\bin;C:\Users\Harsh\AppData\Local\Microsoft\WindowsApps;C:\Program Files\Microsoft VS Code\bin;C:\Users\Harsh\AppData\Roaming\npm;C:\Python27;C:\Users\Harsh\AppData\Roaming\nvm;C:\Program Files\nodejs;C:\Users\Harsh\AppData\Local\atom\bin
10 verbose lifecycle mochatest@1.0.0~test: CWD: C:\Users\Harsh\test\mochatest
11 silly lifecycle mochatest@1.0.0~test: Args: [ '/d /s /c', 'mocha' ]
12 silly lifecycle mochatest@1.0.0~test: Returned: code: 1  signal: null
13 info lifecycle mochatest@1.0.0~test: Failed to exec test script
14 verbose stack Error: mochatest@1.0.0 test: `mocha`
14 verbose stack Exit status 1
14 verbose stack     at EventEmitter.<anonymous> (C:\Users\Harsh\AppData\Roaming\nvm\v5.4.0\node_modules\npm\lib\utils\lifecycle.js:232:16)
14 verbose stack     at emitTwo (events.js:87:13)
14 verbose stack     at EventEmitter.emit (events.js:172:7)
14 verbose stack     at ChildProcess.<anonymous> (C:\Users\Harsh\AppData\Roaming\nvm\v5.4.0\node_modules\npm\lib\utils\spawn.js:24:14)
14 verbose stack     at emitTwo (events.js:87:13)
14 verbose stack     at ChildProcess.emit (events.js:172:7)
14 verbose stack     at maybeClose (internal/child_process.js:821:16)
14 verbose stack     at Process.ChildProcess._handle.onexit (internal/child_process.js:211:5)
15 verbose pkgid mochatest@1.0.0
16 verbose cwd C:\Users\Harsh\test\mochatest
17 error Windows_NT 10.0.14393
18 error argv "C:\\Program Files\\nodejs\\node.exe" "C:\\Program Files\\nodejs\\node_modules\\npm\\bin\\npm-cli.js" "run" "test"
19 error node v5.4.0
20 error npm  v3.3.12
21 error code ELIFECYCLE
22 error mochatest@1.0.0 test: `mocha`
22 error Exit status 1
23 error Failed at the mochatest@1.0.0 test script 'mocha'.
23 error Make sure you have the latest version of node.js and npm installed.
23 error If you do, this is most likely a problem with the mochatest package,
23 error not with npm itself.
23 error Tell the author that this fails on your system:
23 error     mocha
23 error You can get their info via:
23 error     npm owner ls mochatest
23 error There is likely additional logging output above.
24 verbose exit [ 1, true ]
